<?xml version="1.0" encoding="UTF-8"?>
<testsuite name="money.MoneyTest" tests="1" skipped="0" failures="0" errors="0" timestamp="2021-07-26T08:55:50" hostname="MOHAI" time="0.05">
  <properties/>
  <testcase name="testFrancMuliplication()" classname="money.MoneyTest" time="0.05"/>
  <system-out><![CDATA[]]></system-out>
  <system-err><![CDATA[]]></system-err>
</testsuite>
