<?xml version="1.0" encoding="UTF-8"?>
<testsuite name="money.MoneyTest" tests="1" skipped="0" failures="0" errors="0" timestamp="2021-07-25T12:41:23" hostname="MOHAI" time="0.021">
  <properties/>
  <testcase name="testMuliplication()" classname="money.MoneyTest" time="0.021"/>
  <system-out><![CDATA[]]></system-out>
  <system-err><![CDATA[]]></system-err>
</testsuite>
